============================================================
   Tang Dynasty, V4.6.116866
   Copyright (c) 2012-2024 Anlogic
   Executable = C:/Anlogic/TD_4.6.8_SP1_Release_116.866/bin/td.exe
   Built at =   14:41:38 Jan  6 2024
   Run by =     42190
   Run Date =   Sun Nov 16 20:22:36 2025

   Run on =     A15PLUS
============================================================
RUN-1002 : start command "open_project FPGA.al"
HDL-1007 : analyze verilog file zaklad.v
HDL-1007 : analyze verilog file al_ip/pll.v
HDL-1007 : analyze verilog file al_ip/sample_memory.v
RUN-1002 : start command "import_device al3_10.db -package LQFP144"
RUN-1002 : start command "import_db FPGA_pr.db"
RUN-1001 : Importing database generated by Tang Dynasty, V4.6.116866.
RUN-1001 : Database version number 46116.
RUN-1001 : Import timing constraints
RUN-1001 : Import IO constraints
RUN-1001 : Import Inst constraints
RUN-1001 : Import flow parameters
HDL-1007 : analyze verilog file zaklad.v
HDL-1007 : analyze verilog file al_ip/pll.v
HDL-1007 : analyze verilog file al_ip/sample_memory.v
HDL-1007 : analyze verilog file zaklad.v
HDL-1007 : analyze verilog file al_ip/pll.v
HDL-1007 : analyze verilog file al_ip/sample_memory.v
RUN-1002 : start command "elaborate -top fnirsi_1013D"
HDL-1007 : elaborate module fnirsi_1013D in zaklad.v(66)
HDL-1007 : elaborate module pll in al_ip/pll.v(23)
HDL-1007 : elaborate module AL_PHY_PLL(FIN="50.000000",FBCLK_DIV=20,CLKC0_DIV=5,CLKC1_DIV=5,CLKC0_ENABLE="ENABLE",CLKC1_ENABLE="ENABLE",FEEDBK_MODE="NOCOMP",STDBY_ENABLE="DISABLE",CLKC1_FPHASE="2",CLKC0_CPHASE=4,CLKC1_CPHASE=5,GMC_GAIN="4",ICP_CURRENT=13,KVCO="4",LPF_CAPACITOR="1",LPF_RESISTOR=4,SYNC_ENABLE="DISABLE") in C:/Anlogic/TD_4.6.8_SP1_Release_116.866/arch/al3_macro.v(798)
HDL-1007 : elaborate module clockdivider(WIDTH=1,LAST=1) in zaklad.v(8)
HDL-1007 : elaborate module clockdivider(WIDTH=16,LAST=24999) in zaklad.v(8)
HDL-1007 : elaborate module pwmcounter(LAST=1999) in zaklad.v(37)
HDL-1007 : elaborate module pwmcounter(LAST=59999) in zaklad.v(37)
HDL-1007 : elaborate module sample_memory in al_ip/sample_memory.v(14)
HDL-1007 : elaborate module AL_LOGIC_BRAM(DATA_WIDTH_A=32,DATA_WIDTH_B=32,ADDR_WIDTH_A=12,ADDR_WIDTH_B=12,DATA_DEPTH_A=4096,DATA_DEPTH_B=4096,MODE="PDPW",IMPLEMENT="9K(FAST)") in C:/Anlogic/TD_4.6.8_SP1_Release_116.866/arch/al3_macro.v(756)
HDL-1200 : Current top model is fnirsi_1013D
HDL-1100 : Inferred 0 RAMs.
RUN-1002 : start command "read_adc zaklad.adc"
RUN-1002 : start command "set_pin_assignment  i_adc1A_d[0]   LOCATION = P66; IOSTANDARD = LVCMOS33; PULLTYPE = NONE; "
RUN-1002 : start command "set_pin_assignment  i_adc1A_d[1]   LOCATION = P65; IOSTANDARD = LVCMOS33; PULLTYPE = NONE; "
RUN-1002 : start command "set_pin_assignment  i_adc1A_d[2]   LOCATION = P64; IOSTANDARD = LVCMOS33; PULLTYPE = NONE; "
RUN-1002 : start command "set_pin_assignment  i_adc1A_d[3]   LOCATION = P60; IOSTANDARD = LVCMOS33; PULLTYPE = NONE; "
RUN-1002 : start command "set_pin_assignment  i_adc1A_d[4]   LOCATION = P59; IOSTANDARD = LVCMOS33; PULLTYPE = NONE; "
RUN-1002 : start command "set_pin_assignment  i_adc1A_d[5]   LOCATION = P58; IOSTANDARD = LVCMOS33; PULLTYPE = NONE; "
RUN-1002 : start command "set_pin_assignment  i_adc1A_d[6]   LOCATION = P55; IOSTANDARD = LVCMOS33; PULLTYPE = NONE; "
RUN-1002 : start command "set_pin_assignment  i_adc1A_d[7]   LOCATION = P54; IOSTANDARD = LVCMOS33; PULLTYPE = NONE; "
RUN-1002 : start command "set_pin_assignment  i_adc1B_d[0]   LOCATION = P67; IOSTANDARD = LVCMOS33; PULLTYPE = NONE; "
RUN-1002 : start command "set_pin_assignment  i_adc1B_d[1]   LOCATION = P68; IOSTANDARD = LVCMOS33; PULLTYPE = NONE; "
RUN-1002 : start command "set_pin_assignment  i_adc1B_d[2]   LOCATION = P69; IOSTANDARD = LVCMOS33; PULLTYPE = NONE; "
RUN-1002 : start command "set_pin_assignment  i_adc1B_d[3]   LOCATION = P70; IOSTANDARD = LVCMOS33; PULLTYPE = NONE; "
RUN-1002 : start command "set_pin_assignment  i_adc1B_d[4]   LOCATION = P71; IOSTANDARD = LVCMOS33; PULLTYPE = NONE; "
RUN-1002 : start command "set_pin_assignment  i_adc1B_d[5]   LOCATION = P72; IOSTANDARD = LVCMOS33; PULLTYPE = NONE; "
RUN-1002 : start command "set_pin_assignment  i_adc1B_d[6]   LOCATION = P73; IOSTANDARD = LVCMOS33; PULLTYPE = NONE; "
RUN-1002 : start command "set_pin_assignment  i_adc1B_d[7]   LOCATION = P74; IOSTANDARD = LVCMOS33; PULLTYPE = NONE; "
RUN-1002 : start command "set_pin_assignment  i_adc2A_d[0]   LOCATION = P91; IOSTANDARD = LVCMOS33; PULLTYPE = NONE; "
RUN-1002 : start command "set_pin_assignment  i_adc2A_d[1]   LOCATION = P90; IOSTANDARD = LVCMOS33; PULLTYPE = NONE; "
RUN-1002 : start command "set_pin_assignment  i_adc2A_d[2]   LOCATION = P89; IOSTANDARD = LVCMOS33; PULLTYPE = NONE; "
RUN-1002 : start command "set_pin_assignment  i_adc2A_d[3]   LOCATION = P88; IOSTANDARD = LVCMOS33; PULLTYPE = NONE; "
RUN-1002 : start command "set_pin_assignment  i_adc2A_d[4]   LOCATION = P87; IOSTANDARD = LVCMOS33; PULLTYPE = NONE; "
RUN-1002 : start command "set_pin_assignment  i_adc2A_d[5]   LOCATION = P86; IOSTANDARD = LVCMOS33; PULLTYPE = NONE; "
RUN-1002 : start command "set_pin_assignment  i_adc2A_d[6]   LOCATION = P85; IOSTANDARD = LVCMOS33; PULLTYPE = NONE; "
RUN-1002 : start command "set_pin_assignment  i_adc2A_d[7]   LOCATION = P84; IOSTANDARD = LVCMOS33; PULLTYPE = NONE; "
RUN-1002 : start command "set_pin_assignment  i_adc2B_d[0]   LOCATION = P98; IOSTANDARD = LVCMOS33; PULLTYPE = NONE; "
RUN-1002 : start command "set_pin_assignment  i_adc2B_d[1]   LOCATION = P99; IOSTANDARD = LVCMOS33; PULLTYPE = NONE; "
RUN-1002 : start command "set_pin_assignment  i_adc2B_d[2]   LOCATION = P100; IOSTANDARD = LVCMOS33; PULLTYPE = NONE; "
RUN-1002 : start command "set_pin_assignment  i_adc2B_d[3]   LOCATION = P101; IOSTANDARD = LVCMOS33; PULLTYPE = NONE; "
RUN-1002 : start command "set_pin_assignment  i_adc2B_d[4]   LOCATION = P103; IOSTANDARD = LVCMOS33; PULLTYPE = NONE; "
RUN-1002 : start command "set_pin_assignment  i_adc2B_d[5]   LOCATION = P104; IOSTANDARD = LVCMOS33; PULLTYPE = NONE; "
RUN-1002 : start command "set_pin_assignment  i_adc2B_d[6]   LOCATION = P105; IOSTANDARD = LVCMOS33; PULLTYPE = NONE; "
RUN-1002 : start command "set_pin_assignment  i_adc2B_d[7]   LOCATION = P106; IOSTANDARD = LVCMOS33; PULLTYPE = NONE; "
RUN-1002 : start command "set_pin_assignment  i_mcu_clk   LOCATION = P1; IOSTANDARD = LVCMOS33; PULLTYPE = NONE; "
RUN-1002 : start command "set_pin_assignment  i_mcu_dcs   LOCATION = P3; IOSTANDARD = LVCMOS33; PULLTYPE = NONE; "
RUN-1002 : start command "set_pin_assignment  i_mcu_rws   LOCATION = P2; IOSTANDARD = LVCMOS33; PULLTYPE = NONE; "
RUN-1002 : start command "set_pin_assignment  i_xtal   LOCATION = P23; IOSTANDARD = LVCMOS33; PULLTYPE = NONE; "
RUN-1002 : start command "set_pin_assignment  io_mcu_data[0]   LOCATION = P135; IOSTANDARD = LVCMOS33; PULLTYPE = NONE; "
RUN-1002 : start command "set_pin_assignment  io_mcu_data[1]   LOCATION = P136; IOSTANDARD = LVCMOS33; PULLTYPE = NONE; "
RUN-1002 : start command "set_pin_assignment  io_mcu_data[2]   LOCATION = P137; IOSTANDARD = LVCMOS33; PULLTYPE = NONE; "
RUN-1002 : start command "set_pin_assignment  io_mcu_data[3]   LOCATION = P138; IOSTANDARD = LVCMOS33; PULLTYPE = NONE; "
RUN-1002 : start command "set_pin_assignment  io_mcu_data[4]   LOCATION = P141; IOSTANDARD = LVCMOS33; PULLTYPE = NONE; "
RUN-1002 : start command "set_pin_assignment  io_mcu_data[5]   LOCATION = P142; IOSTANDARD = LVCMOS33; PULLTYPE = NONE; "
RUN-1002 : start command "set_pin_assignment  io_mcu_data[6]   LOCATION = P143; IOSTANDARD = LVCMOS33; PULLTYPE = NONE; "
RUN-1002 : start command "set_pin_assignment  io_mcu_data[7]   LOCATION = P144; IOSTANDARD = LVCMOS33; PULLTYPE = NONE; "
RUN-1002 : start command "set_pin_assignment  o_ac_dc_1   LOCATION = P129; IOSTANDARD = LVCMOS33; "
RUN-1002 : start command "set_pin_assignment  o_ac_dc_2   LOCATION = P132; IOSTANDARD = LVCMOS33; "
RUN-1002 : start command "set_pin_assignment  o_adc1_encA   LOCATION = P75; IOSTANDARD = LVCMOS33; SLEWRATE = FAST; "
RUN-1002 : start command "set_pin_assignment  o_adc1_encB   LOCATION = P53; IOSTANDARD = LVCMOS33; SLEWRATE = FAST; "
RUN-1002 : start command "set_pin_assignment  o_adc2_encA   LOCATION = P110; IOSTANDARD = LVCMOS33; SLEWRATE = FAST; "
RUN-1002 : start command "set_pin_assignment  o_adc2_encB   LOCATION = P83; IOSTANDARD = LVCMOS33; SLEWRATE = FAST; "
RUN-1002 : start command "set_pin_assignment  o_offset_1   LOCATION = P112; IOSTANDARD = LVCMOS33; "
RUN-1002 : start command "set_pin_assignment  o_offset_2   LOCATION = P111; IOSTANDARD = LVCMOS33; "
RUN-1002 : start command "set_pin_assignment  o_pwm_display   LOCATION = P42; IOSTANDARD = LVCMOS33; "
RUN-1002 : start command "set_pin_assignment  o_relay1_1   LOCATION = P121; IOSTANDARD = LVCMOS33; PULLTYPE = PULLUP; "
RUN-1002 : start command "set_pin_assignment  o_relay1_2   LOCATION = P124; IOSTANDARD = LVCMOS33; PULLTYPE = PULLUP; "
RUN-1002 : start command "set_pin_assignment  o_relay1_3   LOCATION = P126; IOSTANDARD = LVCMOS33; PULLTYPE = PULLUP; "
RUN-1002 : start command "set_pin_assignment  o_relay2_1   LOCATION = P128; IOSTANDARD = LVCMOS33; PULLTYPE = PULLUP; "
RUN-1002 : start command "set_pin_assignment  o_relay2_2   LOCATION = P125; IOSTANDARD = LVCMOS33; PULLTYPE = PULLUP; "
RUN-1002 : start command "set_pin_assignment  o_relay2_3   LOCATION = P127; IOSTANDARD = LVCMOS33; PULLTYPE = PULLUP; "
RUN-1002 : start command "set_pin_assignment  o_1khz_calib   LOCATION = P133; IOSTANDARD = LVCMOS33; PULLTYPE = NONE; SLEWRATE = FAST; "
RUN-1002 : start command "optimize_rtl"
RUN-1001 : Open license file C:/Anlogic/TD_4.6.8_SP1_Release_116.866/license/Anlogic.lic
SYN-1012 : SanityCheck: Model "fnirsi_1013D"
SYN-1012 : SanityCheck: Model "clockdivider(WIDTH=16,LAST=24999)"
SYN-1012 : SanityCheck: Model "pwmcounter(LAST=1999)"
SYN-1012 : SanityCheck: Model "pwmcounter(LAST=59999)"
SYN-1012 : SanityCheck: Model "pll"
SYN-1012 : SanityCheck: Model "clockdivider(WIDTH=1,LAST=1)"
SYN-1012 : SanityCheck: Model "sample_memory"
SYN-1043 : Mark pll as IO macro for instance pll_inst
SYN-1016 : Merged 1 instances.
SYN-1011 : Flatten model fnirsi_1013D
SYN-1011 : Flatten model clockdivider(WIDTH=16,LAST=24999)
SYN-1011 : Flatten model pwmcounter(LAST=1999)
SYN-1011 : Flatten model pwmcounter(LAST=59999)
SYN-1011 : Flatten model pll
SYN-1011 : Flatten model clockdivider(WIDTH=1,LAST=1)
SYN-1011 : Flatten model sample_memory
SYN-1016 : Merged 13 instances.
SYN-1014 : Optimize round 1
SYN-1018 : Transformed 1 mux instances.
SYN-1019 : Optimized 1 mux instances.
SYN-1021 : Optimized 281 onehot mux instances.
SYN-1020 : Optimized 160 distributor mux.
SYN-1016 : Merged 267 instances.
SYN-1015 : Optimize round 1, 1076 better
SYN-1014 : Optimize round 2
SYN-1032 : 1159/447 useful/useless nets, 919/314 useful/useless insts
SYN-1019 : Optimized 0 mux instances.
SYN-1015 : Optimize round 2, 342 better
SYN-1014 : Optimize round 3
SYN-1019 : Optimized 0 mux instances.
SYN-1015 : Optimize round 3, 0 better
RUN-1003 : finish command "optimize_rtl" in  1.074948s wall, 1.078125s user + 0.109375s system = 1.187500s CPU (110.5%)

RUN-1004 : used memory is 136 MB, reserved memory is 105 MB, peak memory is 146 MB
RUN-1002 : start command "report_area -file FPGA_rtl.area"
RUN-1001 : standard
***Report Model: fnirsi_1013D***

IO Statistics
#IO                    60
  #input               36
  #output              16
  #inout                8

Gate Statistics
#Basic gates          809
  #and                214
  #nand                 0
  #or                 173
  #nor                  0
  #xor                  0
  #xnor                 0
  #buf                  0
  #not                 17
  #bufif1               8
  #MX21                18
  #FADD                 0
  #DFF                379
  #LATCH                0
#MACRO_ADD             23
#MACRO_EQ              50
#MACRO_MUX             20

RUN-1001 : 
Report Hierarchy Area:
+-----------------------------------------------+
|Instance |Module       |gates  |seq    |macros |
+-----------------------------------------------+
|top      |fnirsi_1013D |430    |379    |74     |
+-----------------------------------------------+

RUN-1002 : start command "read_sdc zaklad.sdc"
RUN-1002 : start command "get_nets clk_200MHz"
RUN-1002 : start command "create_clock -name clk_200MHz -period 5 -waveform 0 2 "
RUN-1102 : create_clock: clock name: clk_200MHz, type: 0, period: 5000, rise: 0, fall: 2000.
RUN-1002 : start command "get_ports i_xtal"
RUN-1002 : start command "create_clock -name i_xtal -period 20 -waveform 0 10 "
RUN-1102 : create_clock: clock name: i_xtal, type: 0, period: 20000, rise: 0, fall: 10000.
RUN-1002 : start command "get_clocks i_xtal"
RUN-1002 : start command "set_clock_latency -source 1 "
RUN-1104 : Import SDC file zaklad.sdc finished, there are 1 nets kept by constraints.
RUN-1002 : start command "export_db FPGA_rtl.db"
RUN-1001 : Exported /
RUN-1001 : Exported libs
RUN-1001 : Exported entities
RUN-1001 : Exported ports
RUN-1001 : Exported pins
RUN-1001 : Exported instances
RUN-1001 : Exported nets
RUN-1001 : Exported buses
RUN-1001 : Exported models
RUN-1001 : Exported congestions
RUN-1001 : Exported violations
RUN-1001 : Exported timing constraints
RUN-1001 : Exported IO constraints
RUN-1001 : Exported Inst constraints
RUN-1001 : Exported flow parameters
RUN-1002 : start command "optimize_gate -packarea FPGA_gate.area"
RUN-1001 : Open license file C:/Anlogic/TD_4.6.8_SP1_Release_116.866/license/Anlogic.lic
SYN-2001 : Map 60 IOs to PADs
SYN-2501 : Processed 0 LOGIC_BUF instances.
SYN-2512 : LOGIC BRAM "samples/inst"
SYN-2571 : Optimize after map_dsp, round 1
SYN-2571 : Optimize after map_dsp, round 1, 0 better
SYN-2501 : Optimize round 1
SYN-1016 : Merged 236 instances.
SYN-2501 : Optimize round 1, 571 better
SYN-2501 : Optimize round 2
SYN-2501 : Optimize round 2, 0 better
SYN-1030 : Map 1 macro adder
SYN-1031 : Map 1 macro less-than
SYN-2501 : Map 21 macro adder
SYN-3001 : Mapper mapped 32 instances into 8 LUTs, name keeping = 12%.
SYN-3001 : Mapper mapped 32 instances into 8 LUTs, name keeping = 12%.
SYN-3001 : Mapper mapped 32 instances into 8 LUTs, name keeping = 12%.
SYN-3001 : Mapper mapped 64 instances into 16 LUTs, name keeping = 6%.
SYN-3001 : Mapper mapped 24 instances into 3 LUTs, name keeping = 100%.
SYN-3001 : Mapper mapped 26 instances into 7 LUTs, name keeping = 14%.
SYN-3001 : Mapper mapped 16 instances into 4 LUTs, name keeping = 25%.
SYN-3001 : Mapper mapped 16 instances into 4 LUTs, name keeping = 25%.
SYN-3001 : Mapper mapped 16 instances into 2 LUTs, name keeping = 100%.
SYN-1032 : 1896/1 useful/useless nets, 1663/0 useful/useless insts
SYN-3001 : Running gate level optimization.
SYN-2553 : LUT mapping.
SYN-2551 : Post mapping optimization.
SYN-3001 : Logic optimization runtime opt =   0.17 sec, map =   0.00 sec
SYN-2581 : Mapping with K=5, #lut = 270 (4.10), #lev = 10 (2.88)
SYN-3001 : Mapper mapped 930 instances into 285 LUTs, name keeping = 44%.
SYN-3001 : Mapper removed 4 lut buffers
SYN-1001 : Packing model "fnirsi_1013D" ...
SYN-4010 : Pack lib has 43 rtl pack models with 16 top pack blocks
SYN-1014 : Optimize round 1
SYN-1015 : Optimize round 1, 0 better
SYN-4002 : Packing 366 DFF/LATCH to SEQ ...
SYN-4009 : Pack 6 carry chain into lslice
SYN-4007 : Packing 130 adder to BLE ...
SYN-4008 : Packed 130 adder and 32 SEQ to BLE.
SYN-4007 : Packing 0 gate4 to BLE ...
SYN-4008 : Packed 0 gate4 and 0 SEQ to BLE.
SYN-4012 : Packed 0 FxMUX
SYN-4007 : Packing 0 MUX to BLE ...
SYN-4008 : Packed 0 MUX and 0 SEQ to BLE.
SYN-4007 : Packing 281 LUT to BLE ...
SYN-4008 : Packed 281 LUT and 37 SEQ to BLE.
SYN-4003 : Packing 297 remaining SEQ's ...
SYN-4004 : #0: Packed 0 SEQ (297 nodes)...
SYN-4004 : #1: Packed 233 SEQ (1552 nodes)...
SYN-4004 : #2: Packed 283 SEQ (1399 nodes)...
SYN-4004 : #3: Packed 284 SEQ (736 nodes)...
SYN-4005 : Packed 284 SEQ with LUT/SLICE
SYN-4006 : 91 single LUT's are left
SYN-4006 : 13 single SEQ's are left
SYN-4011 : Packing model "fnirsi_1013D" (AL_USER_NORMAL) with 294/480 primitive instances ...
RUN-1002 : start command "report_area -file FPGA_gate.area"
RUN-1001 : standard
***Report Model: fnirsi_1013D***

IO Statistics
#IO                    60
  #input               36
  #output              16
  #inout                8

Utilization Statistics
#lut                  533   out of   8640    6.17%
#reg                  366   out of   8640    4.24%
#le                   543
  #lut only           177   out of    543   32.60%
  #reg only            10   out of    543    1.84%
  #lut&reg            356   out of    543   65.56%
#dsp                    0   out of      3    0.00%
#bram                  16   out of     48   33.33%
  #bram9k              16
  #fifo9k               0
#bram32k                0   out of      2    0.00%
#pad                   60   out of     93   64.52%
  #ireg                 0
  #oreg                13
  #treg                 0
#pll                    1   out of      2   50.00%
#gclk                   0   out of     16    0.00%

RUN-1001 : 
Report Hierarchy Area:
+--------------------------------------------+
|Instance |Module       |le    |lut   |seq   |
+--------------------------------------------+
|top      |fnirsi_1013D |543   |533   |366   |
+--------------------------------------------+

RUN-1003 : finish command "optimize_gate -packarea FPGA_gate.area" in  7.581182s wall, 6.828125s user + 1.000000s system = 7.828125s CPU (103.3%)

RUN-1004 : used memory is 154 MB, reserved memory is 118 MB, peak memory is 178 MB
RUN-1002 : start command "legalize_phy_inst"
SYN-1011 : Flatten model fnirsi_1013D
RUN-1002 : start command "read_sdc zaklad.sdc"
RUN-1002 : start command "get_nets clk_200MHz"
RUN-1002 : start command "create_clock -name clk_200MHz -period 5 -waveform 0 2 "
RUN-1102 : create_clock: clock name: clk_200MHz, type: 0, period: 5000, rise: 0, fall: 2000.
RUN-1002 : start command "get_ports i_xtal"
RUN-1002 : start command "create_clock -name i_xtal -period 20 -waveform 0 10 "
RUN-1102 : create_clock: clock name: i_xtal, type: 0, period: 20000, rise: 0, fall: 10000.
RUN-1002 : start command "get_clocks i_xtal"
RUN-1002 : start command "set_clock_latency -source 1 "
RUN-1104 : Import SDC file zaklad.sdc finished, there are 1 nets kept by constraints.
RUN-1002 : start command "export_db FPGA_gate.db"
RUN-1001 : Exported /
RUN-1001 : Exported libs
RUN-1001 : Exported entities
RUN-1001 : Exported ports
RUN-1001 : Exported pins
RUN-1001 : Exported instances
RUN-1001 : Exported nets
RUN-1001 : Exported buses
RUN-1001 : Exported models
RUN-1001 : Exported congestions
RUN-1001 : Exported violations
RUN-1001 : Exported timing constraints
RUN-1001 : Exported IO constraints
RUN-1001 : Exported Inst constraints
RUN-1001 : Exported flow parameters
RUN-1002 : start command "place"
RUN-1001 : Open license file C:/Anlogic/TD_4.6.8_SP1_Release_116.866/license/Anlogic.lic
PHY-3001 : Placer runs in 8 thread(s).
RUN-1002 : start command "legalize_phy_inst"
SYN-1011 : Flatten model fnirsi_1013D
SYN-4027 : Net clk_200MHz is clkc0 of pll main_clock/pll_inst.
SYN-4027 : Net clk_RAM is clkc1 of pll main_clock/pll_inst.
SYN-4019 : Net i_xtal_pad is refclk of pll main_clock/pll_inst.
SYN-4024 : Net "i_mcu_clk_pad" drive clk pins.
SYN-4024 : Net "sample_write_clock" drive clk pins.
SYN-4024 : Net "clk_50MHz" drive clk pins.
SYN-4025 : Tag rtl::Net clk_200MHz as clock net
SYN-4025 : Tag rtl::Net clk_50MHz as clock net
SYN-4025 : Tag rtl::Net clk_RAM as clock net
SYN-4025 : Tag rtl::Net i_mcu_clk_pad as clock net
SYN-4025 : Tag rtl::Net i_xtal_pad as clock net
SYN-4025 : Tag rtl::Net sample_write_clock as clock net
SYN-4026 : Tagged 6 rtl::Net as clock net
SYN-4015 : Create BUFG instance for clk Net i_mcu_clk_pad to drive 133 clock pins.
SYN-4015 : Create BUFG instance for clk Net sample_write_clock to drive 58 clock pins.
SYN-4015 : Create BUFG instance for clk Net clk_50MHz to drive 42 clock pins.
PHY-1001 : Populate physical database.
RUN-1001 : There are total 354 instances
RUN-1001 : 136 mslices, 136 lslices, 60 pads, 16 brams, 0 dsps
RUN-1001 : There are total 999 nets
RUN-1001 : 553 nets have 2 pins
RUN-1001 : 319 nets have [3 - 5] pins
RUN-1001 : 65 nets have [6 - 10] pins
RUN-1001 : 40 nets have [11 - 20] pins
RUN-1001 : 20 nets have [21 - 99] pins
RUN-1001 : 2 nets have 100+ pins
PHY-3001 : Initial placement ...
PHY-3001 : design contains 352 instances, 272 slices, 14 macros(106 instances)
PHY-3001 : Start timing update ...
RUN-1002 : start command "start_timer"
TMR-2505 : Start building timing graph for model fnirsi_1013D.
TMR-2506 : Build timing graph completely. Port num: 25, tpin num: 4017, tnet num: 997, tinst num: 352, tnode num: 4959, tedge num: 6736.
TMR-2507 : Eliminate loop in the timing graph, delete 0 tedges.
TMR-2508 : Levelizing timing graph completed, there are 41 levels in total.
TMR-2501 : Timing graph initialized successfully.
TMR-2503 : Start to update net delay, extr mode = 2.
TMR-2504 : Update delay of 997 nets completely.
TMR-2502 : Annotate delay completely, extr mode = 2.
TMR-3001 : Initiate 2 clocks from SDC.
TMR-3004 : Start mapping sdc constraints, there are 0 constraints in total.
TMR-3005 : Start mapping report constraints, there are 0 constraints in total.
TMR-3003 : Constraints initiated successfully.
TMR-3501 : Forward propagation: start to calculate arrival time...
TMR-3502 : Backward propagation: start to calculate required time...
TMR-3503 : Timing propagation completes.
PHY-3001 : End timing update;  0.162004s wall, 0.187500s user + 0.015625s system = 0.203125s CPU (125.4%)

PHY-3001 : Global placement ...
PHY-3001 : Initial: Len = 165967
PHY-3001 : Run with size of 3
PHY-3001 : Cell area utilization is 6%, beta_incr = 0.962222
PHY-3001 : :::0::: Try harder cell spreading with beta_ = 0
PHY-3002 : Step(1): len = 148259, overlap = 36
PHY-3002 : Step(2): len = 138511, overlap = 36
PHY-3002 : Step(3): len = 130253, overlap = 36
PHY-3002 : Step(4): len = 120904, overlap = 36
PHY-3002 : Step(5): len = 113634, overlap = 36
PHY-3002 : Step(6): len = 104801, overlap = 36
PHY-3002 : Step(7): len = 98475.2, overlap = 31.5
PHY-3002 : Step(8): len = 90646.3, overlap = 29.25
PHY-3002 : Step(9): len = 85282, overlap = 29.25
PHY-3002 : Step(10): len = 78535, overlap = 33.75
PHY-3002 : Step(11): len = 74135.8, overlap = 33.75
PHY-3002 : Step(12): len = 68435.7, overlap = 33.75
PHY-3002 : Step(13): len = 64798.9, overlap = 36
PHY-3002 : Step(14): len = 60474.7, overlap = 36
PHY-3002 : Step(15): len = 57386.7, overlap = 36
PHY-3002 : Step(16): len = 53479.7, overlap = 36
PHY-3002 : Step(17): len = 50718, overlap = 36
PHY-3002 : Step(18): len = 47454, overlap = 36.75
PHY-3002 : Step(19): len = 45192.8, overlap = 36.75
PHY-3002 : Step(20): len = 42560.9, overlap = 37
PHY-3002 : Step(21): len = 40624.8, overlap = 37.5
PHY-3002 : Step(22): len = 38602.8, overlap = 38.25
PHY-3002 : Step(23): len = 37084.6, overlap = 39.25
PHY-3001 : :::1::: Try harder cell spreading with beta_ = 5.78087e-06
PHY-3002 : Step(24): len = 38328.2, overlap = 31
PHY-3002 : Step(25): len = 38182.9, overlap = 33.5
PHY-3002 : Step(26): len = 37145.3, overlap = 34.75
PHY-3002 : Step(27): len = 36034.7, overlap = 37.25
PHY-3002 : Step(28): len = 34831.3, overlap = 37.75
PHY-3002 : Step(29): len = 34106.3, overlap = 38.25
PHY-3002 : Step(30): len = 33377.7, overlap = 39.5
PHY-3002 : Step(31): len = 32644.3, overlap = 40
PHY-3002 : Step(32): len = 32174.6, overlap = 39.5
PHY-3002 : Step(33): len = 31726.1, overlap = 35.25
PHY-3002 : Step(34): len = 31428.7, overlap = 39.75
PHY-3002 : Step(35): len = 31139.1, overlap = 39.75
PHY-3002 : Step(36): len = 30839.6, overlap = 40
PHY-3002 : Step(37): len = 30417.2, overlap = 40.75
PHY-3002 : Step(38): len = 29989, overlap = 42.25
PHY-3002 : Step(39): len = 29736.5, overlap = 42.25
PHY-3002 : Step(40): len = 29632.3, overlap = 43.5
PHY-3002 : Step(41): len = 29586.9, overlap = 43.5
PHY-3001 : :::2::: Try harder cell spreading with beta_ = 1.15617e-05
PHY-3002 : Step(42): len = 30398.5, overlap = 43.25
PHY-3002 : Step(43): len = 30702.9, overlap = 42
PHY-3002 : Step(44): len = 31091.7, overlap = 41.25
PHY-3001 : :::3::: Try harder cell spreading with beta_ = 2.31235e-05
PHY-3002 : Step(45): len = 31601.5, overlap = 43.25
PHY-3002 : Step(46): len = 31863.7, overlap = 38.75
PHY-3002 : Step(47): len = 32138, overlap = 37.5
PHY-3001 : Legalization ...
PHY-3001 : End legalization;  0.033957s wall, 0.031250s user + 0.015625s system = 0.046875s CPU (138.0%)

PHY-3001 : Run with size of 3
PHY-3001 : Cell area utilization is 8%, beta_incr = 0.962222
PHY-3001 : :::0::: Try harder cell spreading with beta_ = 6.25465e-07
PHY-3002 : Step(48): len = 34270.5, overlap = 15.75
PHY-3002 : Step(49): len = 34016.5, overlap = 16.75
PHY-3001 : :::1::: Try harder cell spreading with beta_ = 1.25093e-06
PHY-3002 : Step(50): len = 34038.2, overlap = 17
PHY-3002 : Step(51): len = 34038.2, overlap = 17
PHY-3001 : Run with size of 1
PHY-3001 : Cell area utilization is 8%, beta_incr = 0.962222
PHY-3001 : :::0::: Try harder cell spreading with beta_ = 3.30526e-06
PHY-3002 : Step(52): len = 33995.7, overlap = 29.5
PHY-3002 : Step(53): len = 33995.7, overlap = 29.5
PHY-3001 : Legalization ...
PHY-3001 : End legalization;  0.024606s wall, 0.062500s user + 0.000000s system = 0.062500s CPU (254.0%)

PHY-3001 : Run with size of 1
PHY-3001 : Cell area utilization is 8%, beta_incr = 0.962222
PHY-3001 : :::0::: Try harder cell spreading with beta_ = 0.000298973
PHY-3002 : Step(54): len = 44093.4, overlap = 19
PHY-3002 : Step(55): len = 43375.7, overlap = 19.25
PHY-3002 : Step(56): len = 43243.9, overlap = 17.25
PHY-3002 : Step(57): len = 43062.7, overlap = 18
PHY-3002 : Step(58): len = 42524.1, overlap = 16.25
PHY-3002 : Step(59): len = 42089.7, overlap = 15.5
PHY-3002 : Step(60): len = 41827.4, overlap = 15.25
PHY-3002 : Step(61): len = 41560.4, overlap = 13.75
PHY-3002 : Step(62): len = 41370, overlap = 14.25
PHY-3002 : Step(63): len = 41039.8, overlap = 13
PHY-3002 : Step(64): len = 40747.5, overlap = 15.5
PHY-3002 : Step(65): len = 40615.4, overlap = 16
PHY-3001 : :::1::: Try harder cell spreading with beta_ = 0.000559008
PHY-3002 : Step(66): len = 41103.2, overlap = 13.25
PHY-3002 : Step(67): len = 41463, overlap = 12.5
PHY-3002 : Step(68): len = 41464.7, overlap = 13.5
PHY-3001 : :::2::: Try harder cell spreading with beta_ = 0.00111802
PHY-3002 : Step(69): len = 41660.4, overlap = 12.5
PHY-3002 : Step(70): len = 41922.2, overlap = 12.25
PHY-3001 : Legalization ...
PHY-3001 : End legalization;  0.009820s wall, 0.000000s user + 0.000000s system = 0.000000s CPU (n/a%)

PHY-3001 : Legalized: Len = 42312.4, Over = 0
PHY-3001 : Spreading special nets. 3 out of 1330 tiles have overflows.
PHY-3001 : 4 instances has been re-located, deltaX = 5, deltaY = 4.
PHY-3001 : Final: Len = 42412, Over = 0
RUN-1003 : finish command "place" in  3.246439s wall, 4.031250s user + 4.375000s system = 8.406250s CPU (258.9%)

RUN-1004 : used memory is 166 MB, reserved memory is 130 MB, peak memory is 182 MB
RUN-1002 : start command "route"
RUN-1001 : Open license file C:/Anlogic/TD_4.6.8_SP1_Release_116.866/license/Anlogic.lic
PHY-1001 : Pin misalignment score is improved from 382 to 301
PHY-1001 : Pin misalignment score is improved from 301 to 292
PHY-1001 : Pin misalignment score is improved from 292 to 292
PHY-1001 : Route runs in 8 thread(s)
RUN-1001 : There are total 354 instances
RUN-1001 : 136 mslices, 136 lslices, 60 pads, 16 brams, 0 dsps
RUN-1001 : There are total 999 nets
RUN-1001 : 553 nets have 2 pins
RUN-1001 : 319 nets have [3 - 5] pins
RUN-1001 : 65 nets have [6 - 10] pins
RUN-1001 : 40 nets have [11 - 20] pins
RUN-1001 : 20 nets have [21 - 99] pins
RUN-1001 : 2 nets have 100+ pins
PHY-1001 : Start global routing ...
RUN-1001 : Generating global routing grids ...
PHY-1001 : Generate routing nets ...
PHY-1001 : Global iterations in 8 thread ...
PHY-1002 : len = 87056, over cnt = 30(0%), over = 36, worst = 2
PHY-1002 : len = 87200, over cnt = 18(0%), over = 19, worst = 2
PHY-1002 : len = 87224, over cnt = 5(0%), over = 5, worst = 1
PHY-1002 : len = 86384, over cnt = 0(0%), over = 0, worst = 0
PHY-1001 : End global iterations;  0.333085s wall, 0.312500s user + 0.109375s system = 0.421875s CPU (126.7%)

PHY-1001 : Pin swapping for better routability
PHY-1001 : Pin local connectivity score is improved from 211 to 56
PHY-1001 : End pin swap;  0.053572s wall, 0.046875s user + 0.000000s system = 0.046875s CPU (87.5%)

PHY-1001 : End global routing;  1.025201s wall, 0.984375s user + 0.125000s system = 1.109375s CPU (108.2%)

PHY-1001 : Start detail routing ...
PHY-1001 : Generate detailed routing grids ...
PHY-1001 : Generate nets ...
PHY-1001 : net clk_200MHz will be routed on clock mesh
PHY-1001 : clock net clk_50MHz_gclk_net will be merged with clock clk_50MHz
PHY-1001 : net clk_RAM will be routed on clock mesh
PHY-1001 : clock net i_mcu_clk_pad_gclk_net will be merged with clock i_mcu_clk_pad
PHY-1001 : net i_xtal_pad will be routed on clock mesh
PHY-1001 : clock net sample_write_clock_gclk_net will be merged with clock sample_write_clock
PHY-1001 : Detail Route ...
PHY-1001 : ===== Detail Route Phase 1 =====
PHY-1001 : Routed 0% nets.
PHY-1002 : len = 13736, over cnt = 0(0%), over = 0, worst = 0
PHY-1001 : End Routed; 0.150411s wall, 0.140625s user + 0.000000s system = 0.140625s CPU (93.5%)

PHY-1001 : ===== Detail Route Phase 2 =====
PHY-1001 : Routed 0% nets.
PHY-1002 : len = 13736, over cnt = 0(0%), over = 0, worst = 0
PHY-1001 : End Routed; 0.000071s wall, 0.000000s user + 0.000000s system = 0.000000s CPU (n/a%)

PHY-1001 : ===== Detail Route Phase 3 =====
PHY-1001 : Routed 46% nets.
PHY-1001 : Routed 50% nets.
PHY-1001 : Routed 57% nets.
PHY-1001 : Routed 67% nets.
PHY-1001 : Routed 84% nets.
PHY-1002 : len = 150280, over cnt = 80(0%), over = 80, worst = 1
PHY-1001 : End Routed; 3.995017s wall, 3.421875s user + 1.234375s system = 4.656250s CPU (116.6%)

PHY-1001 : ===== DR Iter 1 =====
PHY-1002 : len = 148832, over cnt = 30(0%), over = 30, worst = 1
PHY-1001 : End DR Iter 1; 0.110731s wall, 0.109375s user + 0.000000s system = 0.109375s CPU (98.8%)

PHY-1001 : ===== DR Iter 2 =====
PHY-1002 : len = 148464, over cnt = 4(0%), over = 4, worst = 1
PHY-1001 : End DR Iter 2; 0.062207s wall, 0.062500s user + 0.015625s system = 0.078125s CPU (125.6%)

PHY-1001 : ===== DR Iter 3 =====
PHY-1002 : len = 148520, over cnt = 0(0%), over = 0, worst = 0
PHY-1003 : Routed, final wirelength = 148520
PHY-1001 : End DR Iter 3; 0.023701s wall, 0.015625s user + 0.000000s system = 0.015625s CPU (65.9%)

PHY-1001 : 0 feed throughs used by 0 nets
PHY-1001 : Generate detailed routing grids ...
PHY-1001 : Generate nets ...
PHY-1001 : net clk_200MHz will be routed on clock mesh
PHY-1001 : clock net clk_50MHz_gclk_net will be merged with clock clk_50MHz
PHY-1001 : net clk_RAM will be routed on clock mesh
PHY-1001 : clock net i_mcu_clk_pad_gclk_net will be merged with clock i_mcu_clk_pad
PHY-1001 : net i_xtal_pad will be routed on clock mesh
PHY-1001 : clock net sample_write_clock_gclk_net will be merged with clock sample_write_clock
PHY-1001 : eco open net = 0
PHY-1001 : End detail routing;  10.812477s wall, 10.031250s user + 1.453125s system = 11.484375s CPU (106.2%)

PHY-1001 : Routing violations:
PHY-1001 : End of Routing Violations.
RUN-1003 : finish command "route" in  12.073087s wall, 11.265625s user + 1.609375s system = 12.875000s CPU (106.6%)

RUN-1004 : used memory is 237 MB, reserved memory is 211 MB, peak memory is 411 MB
RUN-1002 : start command "report_area -io_info -file FPGA_phy.area"
RUN-1001 : standard
***Report Model: fnirsi_1013D***

IO Statistics
#IO                    60
  #input               36
  #output              16
  #inout                8

Utilization Statistics
#lut                  533   out of   8640    6.17%
#reg                  366   out of   8640    4.24%
#le                   543
  #lut only           177   out of    543   32.60%
  #reg only            10   out of    543    1.84%
  #lut&reg            356   out of    543   65.56%
#dsp                    0   out of      3    0.00%
#bram                  16   out of     48   33.33%
  #bram9k              16
  #fifo9k               0
#bram32k                0   out of      2    0.00%
#pad                   60   out of     93   64.52%
  #ireg                 0
  #oreg                13
  #treg                 0
#pll                    1   out of      2   50.00%
#gclk                   3   out of     16   18.75%

RUN-1001 : 

RUN-1002 : start command "export_db FPGA_pr.db"
RUN-1001 : Exported /
RUN-1001 : Exported libs
RUN-1001 : Exported entities
RUN-1001 : Exported ports
RUN-1001 : Exported pins
RUN-1001 : Exported instances
RUN-1001 : Exported nets
RUN-1001 : Exported buses
RUN-1001 : Exported models
RUN-1001 : Exported congestions
RUN-1001 : Exported violations
RUN-1001 : Exported timing constraints
RUN-1001 : Exported IO constraints
RUN-1001 : Exported Inst constraints
RUN-1001 : Exported flow parameters
RUN-1002 : start command "start_timer"
TMR-2505 : Start building timing graph for model fnirsi_1013D.
TMR-2506 : Build timing graph completely. Port num: 25, tpin num: 4017, tnet num: 997, tinst num: 352, tnode num: 4959, tedge num: 6736.
TMR-2507 : Eliminate loop in the timing graph, delete 0 tedges.
TMR-2508 : Levelizing timing graph completed, there are 41 levels in total.
TMR-2501 : Timing graph initialized successfully.
RUN-1002 : start command "report_timing -mode FINAL -net_info -ep_num 3 -path_num 3 -file FPGA_phy.timing"
TMR-2503 : Start to update net delay, extr mode = 6.
PHY-1001 : Generate detailed routing grids ...
PHY-1001 : Generate nets ...
PHY-1001 : net clk_200MHz will be routed on clock mesh
PHY-1001 : clock net clk_50MHz_gclk_net will be merged with clock clk_50MHz
PHY-1001 : net clk_RAM will be routed on clock mesh
PHY-1001 : clock net i_mcu_clk_pad_gclk_net will be merged with clock i_mcu_clk_pad
PHY-1001 : net i_xtal_pad will be routed on clock mesh
PHY-1001 : clock net sample_write_clock_gclk_net will be merged with clock sample_write_clock
PHY-1001 : eco open net = 0
TMR-2504 : Update delay of 997 nets completely.
TMR-2502 : Annotate delay completely, extr mode = 6.
TMR-3001 : Initiate 2 clocks from SDC.
TMR-3004 : Start mapping sdc constraints, there are 0 constraints in total.
TMR-3005 : Start mapping report constraints, there are 0 constraints in total.
TMR-3003 : Constraints initiated successfully.
TMR-3501 : Forward propagation: start to calculate arrival time...
TMR-3502 : Backward propagation: start to calculate required time...
TMR-3503 : Timing propagation completes.
TMR-3506 : Start to generate timing report.
TMR-1502 : clock_nets size = 6, clk_num = 2.
TMR-5009 WARNING: There are(is) 4 clock net(s) without clock constraint(s).
TMR-3508 : Export timing summary.
TMR-3507 : Timing report generated successfully in FPGA_phy.timing, timing summary in FPGA_phy.tsm.
RUN-1002 : start command "bitgen -bit FPGA.bit -version 0X00 -g ucode:00000000110100100000000000000000 -bin FPGA.bin"
BIT-1003 : Start to generate bitstream. 
BIT-1002 : Init instances with 8 threads.
BIT-1002 : Init instances completely, inst num: 354
BIT-1002 : Init pips with 8 threads.
BIT-1002 : Init pips completely, net num: 999, pip num: 9999
BIT-1003 : Multithreading accelaration with 8 threads.
BIT-1003 : Generate bitstream completely, there are 966 valid insts, and 26744 bits set as '1'.
BIT-1004 : Generate bits file FPGA.bit.
BIT-1004 : Generate bin file FPGA.bin.
RUN-1003 : finish command "bitgen -bit FPGA.bit -version 0X00 -g ucode:00000000110100100000000000000000 -bin FPGA.bin" in  3.086608s wall, 19.343750s user + 0.390625s system = 19.734375s CPU (639.4%)

RUN-1004 : used memory is 414 MB, reserved memory is 380 MB, peak memory is 485 MB
