============================================================
   Tang Dynasty, V4.6.116866
   Copyright (c) 2012-2024 Anlogic
   Executable = C:/Anlogic/TD_4.6.8_SP1_Release_116.866/bin/td.exe
   Built at =   14:41:38 Jan  6 2024
   Run by =     42190
   Run Date =   Sun Nov 16 20:02:53 2025

   Run on =     A15PLUS
============================================================
RUN-1002 : start command "open_project FPGA.al"
HDL-1007 : analyze verilog file zaklad.v
HDL-1007 : analyze verilog file al_ip/pll.v
HDL-1007 : analyze verilog file al_ip/sample_memory.v
RUN-1002 : start command "import_device al3_10.db -package LQFP144"
RUN-1002 : start command "import_db FPGA_pr.db"
RUN-1001 : Importing database generated by Tang Dynasty, V4.6.116866.
RUN-1001 : Database version number 46116.
RUN-1001 : Import timing constraints
RUN-1001 : Import IO constraints
RUN-1001 : Import Inst constraints
RUN-1001 : Import flow parameters
