============================================================
   Tang Dynasty, V4.6.116866
   Copyright (c) 2012-2024 Anlogic
   Executable = C:/Anlogic/TD_4.6.8_SP1_Release_116.866/bin/td.exe
   Built at =   14:41:38 Jan  6 2024
   Run by =     42190
   Run Date =   Sat Nov 15 12:55:11 2025

   Run on =     A15PLUS
============================================================
HDL-1007 : analyze verilog file zaklad.v
HDL-1007 : analyze verilog file zaklad.v
RUN-1002 : start command "elaborate -top fnirsi_1013D"
HDL-1007 : elaborate module fnirsi_1013D in zaklad.v(64)
HDL-5007 WARNING: instantiate unknown module pll in zaklad.v(207)
HDL-1007 : elaborate module clockdivider(WIDTH=1,LAST=1) in zaklad.v(6)
HDL-1007 : elaborate module clockdivider(WIDTH=16,LAST=24999) in zaklad.v(6)
HDL-1007 : elaborate module pwmcounter(LAST=1999) in zaklad.v(35)
HDL-1007 : elaborate module pwmcounter(LAST=59999) in zaklad.v(35)
HDL-5007 WARNING: instantiate unknown module sample_memory in zaklad.v(297)
HDL-8007 ERROR: pll is a black box
HDL-8007 ERROR: sample_memory is a black box
RUN-1001 : Open license file C:/Anlogic/TD_4.6.8_SP1_Release_116.866/license/Anlogic.lic
