============================================================
   Tang Dynasty, V4.6.116866
   Copyright (c) 2012-2024 Anlogic
   Executable = /home/dk/Downloads/TD_5.0.3_28716_NL_Linux/TD_5.0.3_28716_NL/bin/td
   Built by =   dk
   Built at =   2024, jún 20
   Run by =     dk
   Run Date =   Wed Nov 19 15:36:46 2025

   Run on =     dk-HP-250-G8-Notebook-PC
============================================================
RUN-1002 : start command "open_project FPGA.al"
HDL-1007 : analyze verilog file zaklad.v
HDL-1007 : analyze verilog file al_ip/pll.v
HDL-1007 : analyze verilog file al_ip/sample_memory.v
RUN-1002 : start command "import_device al3_10.db -package LQFP144"
HDL-1007 : analyze verilog file zaklad.v
HDL-1007 : analyze verilog file al_ip/pll.v
HDL-1007 : analyze verilog file al_ip/sample_memory.v
RUN-1002 : start command "import_device ef2_4.db -package EF2L45LG144B"
ARC-1001 : Device Initialization.
ARC-1001 : ---------------------------------------------------------
ARC-1001 :       OPTION       |          IO           |   SETTING   
ARC-1001 : ---------------------------------------------------------
ARC-1001 :        done        |         P109          |    gpio    
ARC-1001 :        initn       |         P110          |    gpio    
ARC-1001 :       jtagen       |         P120          |    gpio    
ARC-1001 :      programn      |         P119          |  dedicated  
ARC-1001 :   tdi/tms/tck/tdo  |  P136/P130/P131/P137  |  dedicated  
ARC-1001 : ---------------------------------------------------------
ARC-1004 : Device setting, marked 5 dedicate IOs in total.
HDL-1007 : analyze verilog file zaklad.v
HDL-1007 : analyze verilog file al_ip/pll.v
HDL-1007 : analyze verilog file al_ip/sample_memory.v
RUN-1002 : start command "elaborate -top fnirsi_1013D"
HDL-1007 : elaborate module fnirsi_1013D in zaklad.v(66)
HDL-1007 : elaborate module pll in al_ip/pll.v(23)
HDL-5007 WARNING: instantiate unknown module AL_PHY_PLL in al_ip/pll.v(69)
HDL-1007 : elaborate module clockdivider(WIDTH=1,LAST=1) in zaklad.v(8)
HDL-1007 : elaborate module clockdivider(WIDTH=16,LAST=24999) in zaklad.v(8)
HDL-1007 : elaborate module pwmcounter(LAST=1999) in zaklad.v(37)
HDL-1007 : elaborate module pwmcounter(LAST=59999) in zaklad.v(37)
HDL-1007 : elaborate module sample_memory in al_ip/sample_memory.v(14)
HDL-5007 WARNING: instantiate unknown module AL_LOGIC_BRAM in al_ip/sample_memory.v(64)
HDL-8007 ERROR: AL_PHY_PLL(DPHASE_SOURCE="DISABLE",FIN="50.000000",FEEDBK_MODE="NOCOMP",FEEDBK_PATH="VCO_PHASE_0",STDBY_ENABLE="DISABLE",PLLRST_ENA="ENABLE",SYNC_ENABLE="DISABLE",DERIVE_PLL_CLOCKS="DISABLE",GEN_BASIC_CLOCK="DISABLE",GMC_GAIN="4",ICP_CURRENT=13,KVCO="4",LPF_CAPACITOR="1",LPF_RESISTOR=4,REFCLK_DIV=1,FBCLK_DIV=20,CLKC0_ENABLE="ENABLE",CLKC0_DIV=5,CLKC0_CPHASE=4,CLKC0_FPHASE="0",CLKC1_ENABLE="ENABLE",CLKC1_DIV=5,CLKC1_CPHASE=5,CLKC1_FPHASE="2") is a black box
HDL-8007 ERROR: AL_LOGIC_BRAM(DATA_WIDTH_A=32,DATA_WIDTH_B=32,ADDR_WIDTH_A=13,ADDR_WIDTH_B=13,DATA_DEPTH_A=8192,DATA_DEPTH_B=8192,MODE="PDPW",REGMODE_A="NOREG",REGMODE_B="NOREG",WRITEMODE_A="NORMAL",WRITEMODE_B="NORMAL",RESETMODE="SYNC",IMPLEMENT="9K(FAST)",INIT_FILE="NONE",FILL_ALL="NONE") is a black box
RUN-1001 : Open license file /home/dk/Downloads/TD_5.0.3_28716_NL_Linux/TD_5.0.3_28716_NL/license/Anlogic.lic
RUN-1002 : start command "import_device ef2_1.db -package EF2L15LG100B -basic"
ARC-1001 : Device Initialization.
ARC-1001 : -----------------------------------------------------
ARC-1001 :       OPTION       |        IO         |   SETTING   
ARC-1001 : -----------------------------------------------------
ARC-1001 :        done        |        P76        |    gpio    
ARC-1001 :        initn       |        P77        |    gpio    
ARC-1001 :       jtagen       |        P82        |    gpio    
ARC-1001 :      programn      |        P81        |  dedicated  
ARC-1001 :   tdi/tms/tck/tdo  |  P94/P90/P91/P95  |  dedicated  
ARC-1001 : -----------------------------------------------------
ARC-1004 : Device setting, marked 5 dedicate IOs in total.
RUN-1002 : start command "import_device ef2_4.db -package EF2L45LG144B -basic"
ARC-1001 : Device Initialization.
ARC-1001 : ---------------------------------------------------------
ARC-1001 :       OPTION       |          IO           |   SETTING   
ARC-1001 : ---------------------------------------------------------
ARC-1001 :        done        |         P109          |    gpio    
ARC-1001 :        initn       |         P110          |    gpio    
ARC-1001 :       jtagen       |         P120          |    gpio    
ARC-1001 :      programn      |         P119          |  dedicated  
ARC-1001 :   tdi/tms/tck/tdo  |  P136/P130/P131/P137  |  dedicated  
ARC-1001 : ---------------------------------------------------------
ARC-1004 : Device setting, marked 5 dedicate IOs in total.
RUN-1001 : Open license file /home/dk/Downloads/TD_5.0.3_28716_NL_Linux/TD_5.0.3_28716_NL/license/Anlogic.lic
HDL-1007 : analyze verilog file zaklad.v
HDL-1007 : analyze verilog file al_ip/pll.v
HDL-1007 : analyze verilog file al_ip/sample_memory.v
RUN-1001 : Open license file /home/dk/Downloads/TD_5.0.3_28716_NL_Linux/TD_5.0.3_28716_NL/license/Anlogic.lic
HDL-1007 : analyze verilog file al_ip/sample_memory.v
HDL-1007 : analyze verilog file zaklad.v
HDL-1007 : analyze verilog file al_ip/pll.v
HDL-1007 : analyze verilog file al_ip/sample_memory.v
RUN-1002 : start command "elaborate -top fnirsi_1013D"
HDL-1007 : elaborate module fnirsi_1013D in zaklad.v(66)
HDL-1007 : elaborate module pll in al_ip/pll.v(23)
HDL-5007 WARNING: instantiate unknown module AL_PHY_PLL in al_ip/pll.v(69)
HDL-1007 : elaborate module clockdivider(WIDTH=1,LAST=1) in zaklad.v(8)
HDL-1007 : elaborate module clockdivider(WIDTH=16,LAST=24999) in zaklad.v(8)
HDL-1007 : elaborate module pwmcounter(LAST=1999) in zaklad.v(37)
HDL-1007 : elaborate module pwmcounter(LAST=59999) in zaklad.v(37)
HDL-1007 : elaborate module sample_memory in al_ip/sample_memory.v(14)
HDL-1007 : elaborate module EF2_LOGIC_BRAM(DATA_WIDTH_A=32,DATA_WIDTH_B=32,ADDR_WIDTH_A=13,ADDR_WIDTH_B=13,DATA_DEPTH_A=6143,DATA_DEPTH_B=6143,MODE="PDPW",IMPLEMENT="32K") in /home/dk/Downloads/TD_5.0.3_28716_NL_Linux/TD_5.0.3_28716_NL/arch/ef2_macro.v(2846)
HDL-5007 WARNING: actual bit length 2 differs from formal bit length 1 for port 'beb' in al_ip/sample_memory.v(60)
HDL-8007 ERROR: AL_PHY_PLL(DPHASE_SOURCE="DISABLE",FIN="50.000000",FEEDBK_MODE="NOCOMP",FEEDBK_PATH="VCO_PHASE_0",STDBY_ENABLE="DISABLE",PLLRST_ENA="ENABLE",SYNC_ENABLE="DISABLE",DERIVE_PLL_CLOCKS="DISABLE",GEN_BASIC_CLOCK="DISABLE",GMC_GAIN="4",ICP_CURRENT=13,KVCO="4",LPF_CAPACITOR="1",LPF_RESISTOR=4,REFCLK_DIV=1,FBCLK_DIV=20,CLKC0_ENABLE="ENABLE",CLKC0_DIV=5,CLKC0_CPHASE=4,CLKC0_FPHASE="0",CLKC1_ENABLE="ENABLE",CLKC1_DIV=5,CLKC1_CPHASE=5,CLKC1_FPHASE="2") is a black box
RUN-1001 : Open license file /home/dk/Downloads/TD_5.0.3_28716_NL_Linux/TD_5.0.3_28716_NL/license/Anlogic.lic
RUN-1001 : Open license file /home/dk/Downloads/TD_5.0.3_28716_NL_Linux/TD_5.0.3_28716_NL/license/Anlogic.lic
HDL-1007 : analyze verilog file zaklad.v
HDL-1007 : analyze verilog file al_ip/pll.v
HDL-1007 : analyze verilog file al_ip/sample_memory.v
HDL-1007 : analyze verilog file zaklad.v
HDL-1007 : analyze verilog file al_ip/pll.v
HDL-1007 : analyze verilog file al_ip/sample_memory.v
RUN-1002 : start command "elaborate -top fnirsi_1013D"
HDL-1007 : elaborate module fnirsi_1013D in zaklad.v(66)
HDL-1007 : elaborate module pll in al_ip/pll.v(23)
HDL-1007 : elaborate module EF2_PHY_PLL(FIN="50.000000",FBCLK_DIV=20,CLKC0_DIV=5,CLKC1_DIV=5,CLKC0_ENABLE="ENABLE",CLKC1_ENABLE="ENABLE",FEEDBK_MODE="NOCOMP",STDBY_ENABLE="DISABLE",CLKC1_FPHASE=2,CLKC0_CPHASE=4,CLKC1_CPHASE=5,GMC_GAIN=4,ICP_CURRENT=13,KVCO=4,LPF_CAPACITOR=1,LPF_RESISTOR=4,SYNC_ENABLE="DISABLE",OFFSET_MODE="EXT",CLKC0_DUTY=0.5,CLKC1_DUTY=0.5,CLKC0_DUTY_INT=3,CLKC1_DUTY_INT=3) in /home/dk/Downloads/TD_5.0.3_28716_NL_Linux/TD_5.0.3_28716_NL/arch/ef2_macro.v(2694)
HDL-1007 : elaborate module clockdivider(WIDTH=1,LAST=1) in zaklad.v(8)
HDL-1007 : elaborate module clockdivider(WIDTH=16,LAST=24999) in zaklad.v(8)
HDL-1007 : elaborate module pwmcounter(LAST=1999) in zaklad.v(37)
HDL-1007 : elaborate module pwmcounter(LAST=59999) in zaklad.v(37)
HDL-1007 : elaborate module sample_memory in al_ip/sample_memory.v(14)
HDL-1007 : elaborate module EF2_LOGIC_BRAM(DATA_WIDTH_A=32,DATA_WIDTH_B=32,ADDR_WIDTH_A=13,ADDR_WIDTH_B=13,DATA_DEPTH_A=6143,DATA_DEPTH_B=6143,MODE="PDPW",IMPLEMENT="32K") in /home/dk/Downloads/TD_5.0.3_28716_NL_Linux/TD_5.0.3_28716_NL/arch/ef2_macro.v(2846)
HDL-5007 WARNING: actual bit length 2 differs from formal bit length 1 for port 'beb' in al_ip/sample_memory.v(60)
HDL-1200 : Current top model is fnirsi_1013D
HDL-1100 : Inferred 0 RAMs.
RUN-1002 : start command "read_adc zaklad.adc"
RUN-1002 : start command "set_pin_assignment  i_adc1A_d[0]   LOCATION = P66; IOSTANDARD = LVCMOS33; PULLTYPE = NONE; "
USR-8027 ERROR: Location P66 is for dedicated pin! Choose another pin for normal use.
USR-8064 ERROR: Read zaklad.adc error-out.
GUI-8309 ERROR: Failed to read adc zaklad.adc.
