============================================================
   Tang Dynasty, V4.6.116866
   Copyright (c) 2012-2024 Anlogic
   Executable = C:/Anlogic/TD_4.6.8_SP1_Release_116.866/bin/td.exe
   Built at =   14:41:38 Jan  6 2024
   Run by =     42190
   Run Date =   Sat Nov 15 12:58:41 2025

   Run on =     A15PLUS
============================================================
RUN-1002 : start command "import_device al3_10.db -package LQFP144 -basic"
RUN-1002 : start command "read_verilog -file al_ip/pll.v"
HDL-1007 : analyze verilog file al_ip/pll.v
HDL-1007 : elaborate module pll in al_ip/pll.v(22)
HDL-1007 : elaborate module AL_PHY_PLL(FIN="50.000000",FBCLK_DIV=20,CLKC0_DIV=5,CLKC0_ENABLE="ENABLE",FEEDBK_MODE="NOCOMP",STDBY_ENABLE="DISABLE",CLKC0_CPHASE=4,GMC_GAIN="4",ICP_CURRENT=13,KVCO="4",LPF_CAPACITOR="1",LPF_RESISTOR=4,SYNC_ENABLE="DISABLE") in C:/Anlogic/TD_4.6.8_SP1_Release_116.866/arch/al3_macro.v(798)
HDL-1200 : Current top model is pll
HDL-1100 : Inferred 0 RAMs.
RUN-1002 : start command "optimize_rtl"
RUN-1001 : Open license file C:/Anlogic/TD_4.6.8_SP1_Release_116.866/license/Anlogic.lic
SYN-1012 : SanityCheck: Model "pll"
SYN-1011 : Flatten model pll
SYN-1014 : Optimize round 1
SYN-1019 : Optimized 0 mux instances.
SYN-1015 : Optimize round 1, 0 better
RUN-1002 : start command "map_macro -nopad"
SYN-2501 : Processed 0 LOGIC_BUF instances.
SYN-2571 : Optimize after map_dsp, round 1
SYN-1032 : 4/1 useful/useless nets, 2/1 useful/useless insts
SYN-2571 : Optimize after map_dsp, round 1, 0 better
SYN-2501 : Optimize round 1
SYN-1032 : 4/1 useful/useless nets, 2/1 useful/useless insts
SYN-2501 : Optimize round 1, 0 better
SYN-1032 : 4/1 useful/useless nets, 2/1 useful/useless insts
RUN-1002 : start command "write_verilog al_ip/pll_sim.v"
HDL-1201 : write out verilog file al_ip/pll_sim.v
