============================================================
   Tang Dynasty, V4.6.116866
   Copyright (c) 2012-2024 Anlogic
   Executable = /home/dk/Downloads/TD_5.0.3_28716_NL_Linux/TD_5.0.3_28716_NL/bin/td
   Built by =   dk
   Built at =   2024, jún 20
   Run by =     dk
   Run Date =   Wed Nov 19 16:44:29 2025

   Run on =     dk-HP-250-G8-Notebook-PC
============================================================
RUN-1002 : start command "open_project FPGA.al"
HDL-1007 : analyze verilog file zaklad.v
HDL-1007 : analyze verilog file al_ip/pll.v
HDL-1007 : analyze verilog file al_ip/sample_memory.v
RUN-1002 : start command "import_device ef2_4.db -package EF2L45LG144B"
ARC-1001 : Device Initialization.
ARC-1001 : ---------------------------------------------------------
ARC-1001 :       OPTION       |          IO           |   SETTING   
ARC-1001 : ---------------------------------------------------------
ARC-1001 :        done        |         P109          |    gpio    
ARC-1001 :        initn       |         P110          |    gpio    
ARC-1001 :       jtagen       |         P120          |    gpio    
ARC-1001 :      programn      |         P119          |  dedicated  
ARC-1001 :   tdi/tms/tck/tdo  |  P136/P130/P131/P137  |  dedicated  
ARC-1001 : ---------------------------------------------------------
ARC-1004 : Device setting, marked 5 dedicate IOs in total.
RUN-1002 : start command "import_db FPGA_pr.db"
RUN-1001 : Importing database generated by Tang Dynasty, V4.6.116866.
RUN-1001 : Database version number 46116.
RUN-1001 : Import timing constraints
RUN-1001 : Import IO constraints
RUN-1001 : Import Inst constraints
RUN-1001 : Import flow parameters
